The system is: Darwin - 11.3.0 - i386
Compiling the C compiler identification source file "CMakeCCompilerId.c" succeeded.
Compiler: /usr/bin/gcc 
Build flags: 
Id flags: 

The output was:
0


Compilation of the C compiler identification source "CMakeCCompilerId.c" produced "a.out"

The C compiler identification is GNU, found in "/Users/da_petcu21/Programare/Porkholt/Examples/Template/CMakeFiles/CompilerIdC/a.out"

Compiling the CXX compiler identification source file "CMakeCXXCompilerId.cpp" succeeded.
Compiler: /usr/bin/g++ 
Build flags: 
Id flags: 

The output was:
0


Compilation of the CXX compiler identification source "CMakeCXXCompilerId.cpp" produced "a.out"

The CXX compiler identification is GNU, found in "/Users/da_petcu21/Programare/Porkholt/Examples/Template/CMakeFiles/CompilerIdCXX/a.out"

Determining if the C compiler works passed with the following output:
Change Dir: /Users/da_petcu21/Programare/Porkholt/Examples/Template/CMakeFiles/CMakeTmp

Run Build Command:/opt/local/bin/cmakexbuild -project CMAKE_TRY_COMPILE.xcodeproj build -target cmTryCompileExec -configuration Debug
=== BUILD NATIVE TARGET cmTryCompileExec OF PROJECT CMAKE_TRY_COMPILE WITH CONFIGURATION Debug ===
Check dependencies

CompileC CMAKE_TRY_COMPILE.build/Debug/cmTryCompileExec.build/Objects-normal/x86_64/testCCompiler.o testCCompiler.c normal x86_64 c com.apple.compilers.llvm.clang.1_0.compiler
    cd /Users/da_petcu21/Programare/Porkholt/Examples/Template/CMakeFiles/CMakeTmp
    /Developer/usr/bin/clang -x c -arch x86_64 -fmessage-length=0 -fdiagnostics-print-source-range-info -fdiagnostics-show-category=id -fdiagnostics-parseable-fixits -Wno-trigraphs -fpascal-strings -O0 -Wno-return-type -Wparentheses -Wswitch -Wno-unused-parameter -Wno-unused-variable -Wunused-value -Wno-shorten-64-to-32 "-DCMAKE_INTDIR=\"Debug\"" -isysroot /Developer/SDKs/MacOSX10.7.sdk -fasm-blocks -mmacosx-version-min=10.7 -gdwarf-2 -Wno-sign-conversion -I/Users/da_petcu21/Programare/Porkholt/Examples/Template/CMakeFiles/CMakeTmp/Debug/include -I/Users/da_petcu21/Programare/Porkholt/Examples/Template/CMakeFiles/CMakeTmp/CMAKE_TRY_COMPILE.build/Debug/cmTryCompileExec.build/DerivedSources/x86_64 -I/Users/da_petcu21/Programare/Porkholt/Examples/Template/CMakeFiles/CMakeTmp/CMAKE_TRY_COMPILE.build/Debug/cmTryCompileExec.build/DerivedSources -Wmost -Wno-four-char-constants -Wno-unknown-pragmas -F/Users/da_petcu21/Programare/Porkholt/Examples/Template/CMakeFiles/CMakeTmp/Debug -MMD -MT dependencies -MF /Users/da_petcu21/Programare/Porkholt/Examples/Template/CMakeFiles/CMakeTmp/CMAKE_TRY_COMPILE.build/Debug/cmTryCompileExec.build/Objects-normal/x86_64/testCCompiler.d -c /Users/da_petcu21/Programare/Porkholt/Examples/Template/CMakeFiles/CMakeTmp/testCCompiler.c -o /Users/da_petcu21/Programare/Porkholt/Examples/Template/CMakeFiles/CMakeTmp/CMAKE_TRY_COMPILE.build/Debug/cmTryCompileExec.build/Objects-normal/x86_64/testCCompiler.o

Ld Debug/cmTryCompileExec normal x86_64
    cd /Users/da_petcu21/Programare/Porkholt/Examples/Template/CMakeFiles/CMakeTmp
    /Developer/usr/bin/clang -arch x86_64 -isysroot /Developer/SDKs/MacOSX10.7.sdk -L/Users/da_petcu21/Programare/Porkholt/Examples/Template/CMakeFiles/CMakeTmp/Debug -F/Users/da_petcu21/Programare/Porkholt/Examples/Template/CMakeFiles/CMakeTmp/Debug -filelist /Users/da_petcu21/Programare/Porkholt/Examples/Template/CMakeFiles/CMakeTmp/CMAKE_TRY_COMPILE.build/Debug/cmTryCompileExec.build/Objects-normal/x86_64/cmTryCompileExec.LinkFileList -mmacosx-version-min=10.7 -Wl,-search_paths_first -Wl,-headerpad_max_install_names -o /Users/da_petcu21/Programare/Porkholt/Examples/Template/CMakeFiles/CMakeTmp/Debug/cmTryCompileExec

PhaseScriptExecution "CMake PostBuild Rules" CMAKE_TRY_COMPILE.build/Debug/cmTryCompileExec.build/Script-CEA02E62FF804F87923152F0.sh
    cd /Users/da_petcu21/Programare/Porkholt/Examples/Template/CMakeFiles/CMakeTmp
    /bin/sh -c /Users/da_petcu21/Programare/Porkholt/Examples/Template/CMakeFiles/CMakeTmp/CMAKE_TRY_COMPILE.build/Debug/cmTryCompileExec.build/Script-CEA02E62FF804F87923152F0.sh
echo "Depend check for xcode"
Depend check for xcode
cd /Users/da_petcu21/Programare/Porkholt/Examples/Template/CMakeFiles/CMakeTmp && make -C /Users/da_petcu21/Programare/Porkholt/Examples/Template/CMakeFiles/CMakeTmp -f /Users/da_petcu21/Programare/Porkholt/Examples/Template/CMakeFiles/CMakeTmp/CMakeScripts/XCODE_DEPEND_HELPER.make PostBuild.cmTryCompileExec.Debug
make[1]: Nothing to be done for `PostBuild.cmTryCompileExec.Debug'.


** BUILD SUCCEEDED **



Detecting C compiler ABI info compiled with the following output:
Change Dir: /Users/da_petcu21/Programare/Porkholt/Examples/Template/CMakeFiles/CMakeTmp

Run Build Command:/opt/local/bin/cmakexbuild -project CMAKE_TRY_COMPILE.xcodeproj build -target cmTryCompileExec -configuration Debug
=== BUILD NATIVE TARGET cmTryCompileExec OF PROJECT CMAKE_TRY_COMPILE WITH CONFIGURATION Debug ===
Check dependencies

CompileC CMAKE_TRY_COMPILE.build/Debug/cmTryCompileExec.build/Objects-normal/x86_64/CMakeCCompilerABI.o ../../../../../../../../opt/local/share/cmake-2.8/Modules/CMakeCCompilerABI.c normal x86_64 c com.apple.compilers.llvm.clang.1_0.compiler
    cd /Users/da_petcu21/Programare/Porkholt/Examples/Template/CMakeFiles/CMakeTmp
    /Developer/usr/bin/clang -x c -arch x86_64 -fmessage-length=0 -fdiagnostics-print-source-range-info -fdiagnostics-show-category=id -fdiagnostics-parseable-fixits -Wno-trigraphs -fpascal-strings -O0 -Wno-return-type -Wparentheses -Wswitch -Wno-unused-parameter -Wno-unused-variable -Wunused-value -Wno-shorten-64-to-32 "-DCMAKE_INTDIR=\"Debug\"" -isysroot /Developer/SDKs/MacOSX10.7.sdk -fasm-blocks -mmacosx-version-min=10.7 -gdwarf-2 -Wno-sign-conversion -I/Users/da_petcu21/Programare/Porkholt/Examples/Template/CMakeFiles/CMakeTmp/Debug/include -I/Users/da_petcu21/Programare/Porkholt/Examples/Template/CMakeFiles/CMakeTmp/CMAKE_TRY_COMPILE.build/Debug/cmTryCompileExec.build/DerivedSources/x86_64 -I/Users/da_petcu21/Programare/Porkholt/Examples/Template/CMakeFiles/CMakeTmp/CMAKE_TRY_COMPILE.build/Debug/cmTryCompileExec.build/DerivedSources -Wmost -Wno-four-char-constants -Wno-unknown-pragmas -F/Users/da_petcu21/Programare/Porkholt/Examples/Template/CMakeFiles/CMakeTmp/Debug -MMD -MT dependencies -MF /Users/da_petcu21/Programare/Porkholt/Examples/Template/CMakeFiles/CMakeTmp/CMAKE_TRY_COMPILE.build/Debug/cmTryCompileExec.build/Objects-normal/x86_64/CMakeCCompilerABI.d -c /Users/da_petcu21/Programare/Porkholt/Examples/Template/CMakeFiles/CMakeTmp/../../../../../../../../opt/local/share/cmake-2.8/Modules/CMakeCCompilerABI.c -o /Users/da_petcu21/Programare/Porkholt/Examples/Template/CMakeFiles/CMakeTmp/CMAKE_TRY_COMPILE.build/Debug/cmTryCompileExec.build/Objects-normal/x86_64/CMakeCCompilerABI.o

Ld Debug/cmTryCompileExec normal x86_64
    cd /Users/da_petcu21/Programare/Porkholt/Examples/Template/CMakeFiles/CMakeTmp
    /Developer/usr/bin/clang -arch x86_64 -isysroot /Developer/SDKs/MacOSX10.7.sdk -L/Users/da_petcu21/Programare/Porkholt/Examples/Template/CMakeFiles/CMakeTmp/Debug -F/Users/da_petcu21/Programare/Porkholt/Examples/Template/CMakeFiles/CMakeTmp/Debug -filelist /Users/da_petcu21/Programare/Porkholt/Examples/Template/CMakeFiles/CMakeTmp/CMAKE_TRY_COMPILE.build/Debug/cmTryCompileExec.build/Objects-normal/x86_64/cmTryCompileExec.LinkFileList -mmacosx-version-min=10.7 -v -Wl,-search_paths_first -Wl,-headerpad_max_install_names -o /Users/da_petcu21/Programare/Porkholt/Examples/Template/CMakeFiles/CMakeTmp/Debug/cmTryCompileExec

PhaseScriptExecution "CMake PostBuild Rules" CMAKE_TRY_COMPILE.build/Debug/cmTryCompileExec.build/Script-15CC8B54FAB9447D9F43B4A6.sh
    cd /Users/da_petcu21/Programare/Porkholt/Examples/Template/CMakeFiles/CMakeTmp
    /bin/sh -c /Users/da_petcu21/Programare/Porkholt/Examples/Template/CMakeFiles/CMakeTmp/CMAKE_TRY_COMPILE.build/Debug/cmTryCompileExec.build/Script-15CC8B54FAB9447D9F43B4A6.sh
echo "Depend check for xcode"
Depend check for xcode
cd /Users/da_petcu21/Programare/Porkholt/Examples/Template/CMakeFiles/CMakeTmp && make -C /Users/da_petcu21/Programare/Porkholt/Examples/Template/CMakeFiles/CMakeTmp -f /Users/da_petcu21/Programare/Porkholt/Examples/Template/CMakeFiles/CMakeTmp/CMakeScripts/XCODE_DEPEND_HELPER.make PostBuild.cmTryCompileExec.Debug
make[1]: Nothing to be done for `PostBuild.cmTryCompileExec.Debug'.


** BUILD SUCCEEDED **



Determining if the CXX compiler works passed with the following output:
Change Dir: /Users/da_petcu21/Programare/Porkholt/Examples/Template/CMakeFiles/CMakeTmp

Run Build Command:/opt/local/bin/cmakexbuild -project CMAKE_TRY_COMPILE.xcodeproj build -target cmTryCompileExec -configuration Debug
=== BUILD NATIVE TARGET cmTryCompileExec OF PROJECT CMAKE_TRY_COMPILE WITH CONFIGURATION Debug ===
Check dependencies

CompileC CMAKE_TRY_COMPILE.build/Debug/cmTryCompileExec.build/Objects-normal/x86_64/testCXXCompiler.o testCXXCompiler.cxx normal x86_64 c++ com.apple.compilers.llvm.clang.1_0.compiler
    cd /Users/da_petcu21/Programare/Porkholt/Examples/Template/CMakeFiles/CMakeTmp
    /Developer/usr/bin/clang -x c++ -arch x86_64 -fmessage-length=0 -fdiagnostics-print-source-range-info -fdiagnostics-show-category=id -fdiagnostics-parseable-fixits -Wno-trigraphs -fpascal-strings -O0 -Wno-return-type -Wparentheses -Wswitch -Wno-unused-parameter -Wno-unused-variable -Wunused-value -Wno-shorten-64-to-32 -Wc++0x-extensions "-DCMAKE_INTDIR=\"Debug\"" -isysroot /Developer/SDKs/MacOSX10.7.sdk -fasm-blocks -mmacosx-version-min=10.7 -Wno-sign-conversion -I/Users/da_petcu21/Programare/Porkholt/Examples/Template/CMakeFiles/CMakeTmp/Debug/include -I/Users/da_petcu21/Programare/Porkholt/Examples/Template/CMakeFiles/CMakeTmp/CMAKE_TRY_COMPILE.build/Debug/cmTryCompileExec.build/DerivedSources/x86_64 -I/Users/da_petcu21/Programare/Porkholt/Examples/Template/CMakeFiles/CMakeTmp/CMAKE_TRY_COMPILE.build/Debug/cmTryCompileExec.build/DerivedSources -Wmost -Wno-four-char-constants -Wno-unknown-pragmas -F/Users/da_petcu21/Programare/Porkholt/Examples/Template/CMakeFiles/CMakeTmp/Debug -g -MMD -MT dependencies -MF /Users/da_petcu21/Programare/Porkholt/Examples/Template/CMakeFiles/CMakeTmp/CMAKE_TRY_COMPILE.build/Debug/cmTryCompileExec.build/Objects-normal/x86_64/testCXXCompiler.d -c /Users/da_petcu21/Programare/Porkholt/Examples/Template/CMakeFiles/CMakeTmp/testCXXCompiler.cxx -o /Users/da_petcu21/Programare/Porkholt/Examples/Template/CMakeFiles/CMakeTmp/CMAKE_TRY_COMPILE.build/Debug/cmTryCompileExec.build/Objects-normal/x86_64/testCXXCompiler.o

Ld Debug/cmTryCompileExec normal x86_64
    cd /Users/da_petcu21/Programare/Porkholt/Examples/Template/CMakeFiles/CMakeTmp
    /Developer/usr/bin/clang++ -arch x86_64 -isysroot /Developer/SDKs/MacOSX10.7.sdk -L/Users/da_petcu21/Programare/Porkholt/Examples/Template/CMakeFiles/CMakeTmp/Debug -F/Users/da_petcu21/Programare/Porkholt/Examples/Template/CMakeFiles/CMakeTmp/Debug -filelist /Users/da_petcu21/Programare/Porkholt/Examples/Template/CMakeFiles/CMakeTmp/CMAKE_TRY_COMPILE.build/Debug/cmTryCompileExec.build/Objects-normal/x86_64/cmTryCompileExec.LinkFileList -mmacosx-version-min=10.7 -Wl,-search_paths_first -Wl,-headerpad_max_install_names -o /Users/da_petcu21/Programare/Porkholt/Examples/Template/CMakeFiles/CMakeTmp/Debug/cmTryCompileExec

PhaseScriptExecution "CMake PostBuild Rules" CMAKE_TRY_COMPILE.build/Debug/cmTryCompileExec.build/Script-E8C47968B5AB429892AF5C91.sh
    cd /Users/da_petcu21/Programare/Porkholt/Examples/Template/CMakeFiles/CMakeTmp
    /bin/sh -c /Users/da_petcu21/Programare/Porkholt/Examples/Template/CMakeFiles/CMakeTmp/CMAKE_TRY_COMPILE.build/Debug/cmTryCompileExec.build/Script-E8C47968B5AB429892AF5C91.sh
echo "Depend check for xcode"
Depend check for xcode
cd /Users/da_petcu21/Programare/Porkholt/Examples/Template/CMakeFiles/CMakeTmp && make -C /Users/da_petcu21/Programare/Porkholt/Examples/Template/CMakeFiles/CMakeTmp -f /Users/da_petcu21/Programare/Porkholt/Examples/Template/CMakeFiles/CMakeTmp/CMakeScripts/XCODE_DEPEND_HELPER.make PostBuild.cmTryCompileExec.Debug
make[1]: Nothing to be done for `PostBuild.cmTryCompileExec.Debug'.


** BUILD SUCCEEDED **



Detecting CXX compiler ABI info compiled with the following output:
Change Dir: /Users/da_petcu21/Programare/Porkholt/Examples/Template/CMakeFiles/CMakeTmp

Run Build Command:/opt/local/bin/cmakexbuild -project CMAKE_TRY_COMPILE.xcodeproj build -target cmTryCompileExec -configuration Debug
=== BUILD NATIVE TARGET cmTryCompileExec OF PROJECT CMAKE_TRY_COMPILE WITH CONFIGURATION Debug ===
Check dependencies

CompileC CMAKE_TRY_COMPILE.build/Debug/cmTryCompileExec.build/Objects-normal/x86_64/CMakeCXXCompilerABI.o ../../../../../../../../opt/local/share/cmake-2.8/Modules/CMakeCXXCompilerABI.cpp normal x86_64 c++ com.apple.compilers.llvm.clang.1_0.compiler
    cd /Users/da_petcu21/Programare/Porkholt/Examples/Template/CMakeFiles/CMakeTmp
    /Developer/usr/bin/clang -x c++ -arch x86_64 -fmessage-length=0 -fdiagnostics-print-source-range-info -fdiagnostics-show-category=id -fdiagnostics-parseable-fixits -Wno-trigraphs -fpascal-strings -O0 -Wno-return-type -Wparentheses -Wswitch -Wno-unused-parameter -Wno-unused-variable -Wunused-value -Wno-shorten-64-to-32 -Wc++0x-extensions "-DCMAKE_INTDIR=\"Debug\"" -isysroot /Developer/SDKs/MacOSX10.7.sdk -fasm-blocks -mmacosx-version-min=10.7 -Wno-sign-conversion -I/Users/da_petcu21/Programare/Porkholt/Examples/Template/CMakeFiles/CMakeTmp/Debug/include -I/Users/da_petcu21/Programare/Porkholt/Examples/Template/CMakeFiles/CMakeTmp/CMAKE_TRY_COMPILE.build/Debug/cmTryCompileExec.build/DerivedSources/x86_64 -I/Users/da_petcu21/Programare/Porkholt/Examples/Template/CMakeFiles/CMakeTmp/CMAKE_TRY_COMPILE.build/Debug/cmTryCompileExec.build/DerivedSources -Wmost -Wno-four-char-constants -Wno-unknown-pragmas -F/Users/da_petcu21/Programare/Porkholt/Examples/Template/CMakeFiles/CMakeTmp/Debug -g -MMD -MT dependencies -MF /Users/da_petcu21/Programare/Porkholt/Examples/Template/CMakeFiles/CMakeTmp/CMAKE_TRY_COMPILE.build/Debug/cmTryCompileExec.build/Objects-normal/x86_64/CMakeCXXCompilerABI.d -c /Users/da_petcu21/Programare/Porkholt/Examples/Template/CMakeFiles/CMakeTmp/../../../../../../../../opt/local/share/cmake-2.8/Modules/CMakeCXXCompilerABI.cpp -o /Users/da_petcu21/Programare/Porkholt/Examples/Template/CMakeFiles/CMakeTmp/CMAKE_TRY_COMPILE.build/Debug/cmTryCompileExec.build/Objects-normal/x86_64/CMakeCXXCompilerABI.o

Ld Debug/cmTryCompileExec normal x86_64
    cd /Users/da_petcu21/Programare/Porkholt/Examples/Template/CMakeFiles/CMakeTmp
    /Developer/usr/bin/clang++ -arch x86_64 -isysroot /Developer/SDKs/MacOSX10.7.sdk -L/Users/da_petcu21/Programare/Porkholt/Examples/Template/CMakeFiles/CMakeTmp/Debug -F/Users/da_petcu21/Programare/Porkholt/Examples/Template/CMakeFiles/CMakeTmp/Debug -filelist /Users/da_petcu21/Programare/Porkholt/Examples/Template/CMakeFiles/CMakeTmp/CMAKE_TRY_COMPILE.build/Debug/cmTryCompileExec.build/Objects-normal/x86_64/cmTryCompileExec.LinkFileList -mmacosx-version-min=10.7 -v -Wl,-search_paths_first -Wl,-headerpad_max_install_names -o /Users/da_petcu21/Programare/Porkholt/Examples/Template/CMakeFiles/CMakeTmp/Debug/cmTryCompileExec

PhaseScriptExecution "CMake PostBuild Rules" CMAKE_TRY_COMPILE.build/Debug/cmTryCompileExec.build/Script-3F6AD48DDFEE4319BC89FD1A.sh
    cd /Users/da_petcu21/Programare/Porkholt/Examples/Template/CMakeFiles/CMakeTmp
    /bin/sh -c /Users/da_petcu21/Programare/Porkholt/Examples/Template/CMakeFiles/CMakeTmp/CMAKE_TRY_COMPILE.build/Debug/cmTryCompileExec.build/Script-3F6AD48DDFEE4319BC89FD1A.sh
echo "Depend check for xcode"
Depend check for xcode
cd /Users/da_petcu21/Programare/Porkholt/Examples/Template/CMakeFiles/CMakeTmp && make -C /Users/da_petcu21/Programare/Porkholt/Examples/Template/CMakeFiles/CMakeTmp -f /Users/da_petcu21/Programare/Porkholt/Examples/Template/CMakeFiles/CMakeTmp/CMakeScripts/XCODE_DEPEND_HELPER.make PostBuild.cmTryCompileExec.Debug
make[1]: Nothing to be done for `PostBuild.cmTryCompileExec.Debug'.


** BUILD SUCCEEDED **



The system is: Darwin - 11.3.0 - i386
Compiling the C compiler identification source file "CMakeCCompilerId.c" succeeded.
Compiler: /usr/bin/gcc 
Build flags: 
Id flags: 

The output was:
0


Compilation of the C compiler identification source "CMakeCCompilerId.c" produced "a.out"

The C compiler identification is GNU, found in "/Users/da_petcu21/Programare/Porkholt/Examples/Template/CMakeFiles/CompilerIdC/a.out"

Compiling the CXX compiler identification source file "CMakeCXXCompilerId.cpp" succeeded.
Compiler: /usr/bin/g++ 
Build flags: 
Id flags: 

The output was:
0


Compilation of the CXX compiler identification source "CMakeCXXCompilerId.cpp" produced "a.out"

The CXX compiler identification is GNU, found in "/Users/da_petcu21/Programare/Porkholt/Examples/Template/CMakeFiles/CompilerIdCXX/a.out"

Determining if the C compiler works passed with the following output:
Change Dir: /Users/da_petcu21/Programare/Porkholt/Examples/Template/CMakeFiles/CMakeTmp

Run Build Command:/opt/local/bin/cmakexbuild -project CMAKE_TRY_COMPILE.xcodeproj build -target cmTryCompileExec -configuration Debug
=== BUILD NATIVE TARGET cmTryCompileExec OF PROJECT CMAKE_TRY_COMPILE WITH CONFIGURATION Debug ===
Check dependencies

CompileC CMAKE_TRY_COMPILE.build/Debug/cmTryCompileExec.build/Objects-normal/x86_64/testCCompiler.o testCCompiler.c normal x86_64 c com.apple.compilers.llvm.clang.1_0.compiler
    cd /Users/da_petcu21/Programare/Porkholt/Examples/Template/CMakeFiles/CMakeTmp
    /Developer/usr/bin/clang -x c -arch x86_64 -fmessage-length=0 -fdiagnostics-print-source-range-info -fdiagnostics-show-category=id -fdiagnostics-parseable-fixits -Wno-trigraphs -fpascal-strings -O0 -Wno-return-type -Wparentheses -Wswitch -Wno-unused-parameter -Wno-unused-variable -Wunused-value -Wno-shorten-64-to-32 "-DCMAKE_INTDIR=\"Debug\"" -isysroot /Developer/SDKs/MacOSX10.7.sdk -fasm-blocks -mmacosx-version-min=10.7 -gdwarf-2 -Wno-sign-conversion -I/Users/da_petcu21/Programare/Porkholt/Examples/Template/CMakeFiles/CMakeTmp/Debug/include -I/Users/da_petcu21/Programare/Porkholt/Examples/Template/CMakeFiles/CMakeTmp/CMAKE_TRY_COMPILE.build/Debug/cmTryCompileExec.build/DerivedSources/x86_64 -I/Users/da_petcu21/Programare/Porkholt/Examples/Template/CMakeFiles/CMakeTmp/CMAKE_TRY_COMPILE.build/Debug/cmTryCompileExec.build/DerivedSources -Wmost -Wno-four-char-constants -Wno-unknown-pragmas -F/Users/da_petcu21/Programare/Porkholt/Examples/Template/CMakeFiles/CMakeTmp/Debug -MMD -MT dependencies -MF /Users/da_petcu21/Programare/Porkholt/Examples/Template/CMakeFiles/CMakeTmp/CMAKE_TRY_COMPILE.build/Debug/cmTryCompileExec.build/Objects-normal/x86_64/testCCompiler.d -c /Users/da_petcu21/Programare/Porkholt/Examples/Template/CMakeFiles/CMakeTmp/testCCompiler.c -o /Users/da_petcu21/Programare/Porkholt/Examples/Template/CMakeFiles/CMakeTmp/CMAKE_TRY_COMPILE.build/Debug/cmTryCompileExec.build/Objects-normal/x86_64/testCCompiler.o

Ld Debug/cmTryCompileExec normal x86_64
    cd /Users/da_petcu21/Programare/Porkholt/Examples/Template/CMakeFiles/CMakeTmp
    /Developer/usr/bin/clang -arch x86_64 -isysroot /Developer/SDKs/MacOSX10.7.sdk -L/Users/da_petcu21/Programare/Porkholt/Examples/Template/CMakeFiles/CMakeTmp/Debug -F/Users/da_petcu21/Programare/Porkholt/Examples/Template/CMakeFiles/CMakeTmp/Debug -filelist /Users/da_petcu21/Programare/Porkholt/Examples/Template/CMakeFiles/CMakeTmp/CMAKE_TRY_COMPILE.build/Debug/cmTryCompileExec.build/Objects-normal/x86_64/cmTryCompileExec.LinkFileList -mmacosx-version-min=10.7 -Wl,-search_paths_first -Wl,-headerpad_max_install_names -o /Users/da_petcu21/Programare/Porkholt/Examples/Template/CMakeFiles/CMakeTmp/Debug/cmTryCompileExec

PhaseScriptExecution "CMake PostBuild Rules" CMAKE_TRY_COMPILE.build/Debug/cmTryCompileExec.build/Script-9692FD6C3377456C92ADDD00.sh
    cd /Users/da_petcu21/Programare/Porkholt/Examples/Template/CMakeFiles/CMakeTmp
    /bin/sh -c /Users/da_petcu21/Programare/Porkholt/Examples/Template/CMakeFiles/CMakeTmp/CMAKE_TRY_COMPILE.build/Debug/cmTryCompileExec.build/Script-9692FD6C3377456C92ADDD00.sh
echo "Depend check for xcode"
Depend check for xcode
cd /Users/da_petcu21/Programare/Porkholt/Examples/Template/CMakeFiles/CMakeTmp && make -C /Users/da_petcu21/Programare/Porkholt/Examples/Template/CMakeFiles/CMakeTmp -f /Users/da_petcu21/Programare/Porkholt/Examples/Template/CMakeFiles/CMakeTmp/CMakeScripts/XCODE_DEPEND_HELPER.make PostBuild.cmTryCompileExec.Debug
make[1]: Nothing to be done for `PostBuild.cmTryCompileExec.Debug'.


** BUILD SUCCEEDED **



Detecting C compiler ABI info compiled with the following output:
Change Dir: /Users/da_petcu21/Programare/Porkholt/Examples/Template/CMakeFiles/CMakeTmp

Run Build Command:/opt/local/bin/cmakexbuild -project CMAKE_TRY_COMPILE.xcodeproj build -target cmTryCompileExec -configuration Debug
=== BUILD NATIVE TARGET cmTryCompileExec OF PROJECT CMAKE_TRY_COMPILE WITH CONFIGURATION Debug ===
Check dependencies

CompileC CMAKE_TRY_COMPILE.build/Debug/cmTryCompileExec.build/Objects-normal/x86_64/CMakeCCompilerABI.o ../../../../../../../../opt/local/share/cmake-2.8/Modules/CMakeCCompilerABI.c normal x86_64 c com.apple.compilers.llvm.clang.1_0.compiler
    cd /Users/da_petcu21/Programare/Porkholt/Examples/Template/CMakeFiles/CMakeTmp
    /Developer/usr/bin/clang -x c -arch x86_64 -fmessage-length=0 -fdiagnostics-print-source-range-info -fdiagnostics-show-category=id -fdiagnostics-parseable-fixits -Wno-trigraphs -fpascal-strings -O0 -Wno-return-type -Wparentheses -Wswitch -Wno-unused-parameter -Wno-unused-variable -Wunused-value -Wno-shorten-64-to-32 "-DCMAKE_INTDIR=\"Debug\"" -isysroot /Developer/SDKs/MacOSX10.7.sdk -fasm-blocks -mmacosx-version-min=10.7 -gdwarf-2 -Wno-sign-conversion -I/Users/da_petcu21/Programare/Porkholt/Examples/Template/CMakeFiles/CMakeTmp/Debug/include -I/Users/da_petcu21/Programare/Porkholt/Examples/Template/CMakeFiles/CMakeTmp/CMAKE_TRY_COMPILE.build/Debug/cmTryCompileExec.build/DerivedSources/x86_64 -I/Users/da_petcu21/Programare/Porkholt/Examples/Template/CMakeFiles/CMakeTmp/CMAKE_TRY_COMPILE.build/Debug/cmTryCompileExec.build/DerivedSources -Wmost -Wno-four-char-constants -Wno-unknown-pragmas -F/Users/da_petcu21/Programare/Porkholt/Examples/Template/CMakeFiles/CMakeTmp/Debug -MMD -MT dependencies -MF /Users/da_petcu21/Programare/Porkholt/Examples/Template/CMakeFiles/CMakeTmp/CMAKE_TRY_COMPILE.build/Debug/cmTryCompileExec.build/Objects-normal/x86_64/CMakeCCompilerABI.d -c /Users/da_petcu21/Programare/Porkholt/Examples/Template/CMakeFiles/CMakeTmp/../../../../../../../../opt/local/share/cmake-2.8/Modules/CMakeCCompilerABI.c -o /Users/da_petcu21/Programare/Porkholt/Examples/Template/CMakeFiles/CMakeTmp/CMAKE_TRY_COMPILE.build/Debug/cmTryCompileExec.build/Objects-normal/x86_64/CMakeCCompilerABI.o

Ld Debug/cmTryCompileExec normal x86_64
    cd /Users/da_petcu21/Programare/Porkholt/Examples/Template/CMakeFiles/CMakeTmp
    /Developer/usr/bin/clang -arch x86_64 -isysroot /Developer/SDKs/MacOSX10.7.sdk -L/Users/da_petcu21/Programare/Porkholt/Examples/Template/CMakeFiles/CMakeTmp/Debug -F/Users/da_petcu21/Programare/Porkholt/Examples/Template/CMakeFiles/CMakeTmp/Debug -filelist /Users/da_petcu21/Programare/Porkholt/Examples/Template/CMakeFiles/CMakeTmp/CMAKE_TRY_COMPILE.build/Debug/cmTryCompileExec.build/Objects-normal/x86_64/cmTryCompileExec.LinkFileList -mmacosx-version-min=10.7 -v -Wl,-search_paths_first -Wl,-headerpad_max_install_names -o /Users/da_petcu21/Programare/Porkholt/Examples/Template/CMakeFiles/CMakeTmp/Debug/cmTryCompileExec

PhaseScriptExecution "CMake PostBuild Rules" CMAKE_TRY_COMPILE.build/Debug/cmTryCompileExec.build/Script-F376274BEA554E0E85695DEA.sh
    cd /Users/da_petcu21/Programare/Porkholt/Examples/Template/CMakeFiles/CMakeTmp
    /bin/sh -c /Users/da_petcu21/Programare/Porkholt/Examples/Template/CMakeFiles/CMakeTmp/CMAKE_TRY_COMPILE.build/Debug/cmTryCompileExec.build/Script-F376274BEA554E0E85695DEA.sh
echo "Depend check for xcode"
Depend check for xcode
cd /Users/da_petcu21/Programare/Porkholt/Examples/Template/CMakeFiles/CMakeTmp && make -C /Users/da_petcu21/Programare/Porkholt/Examples/Template/CMakeFiles/CMakeTmp -f /Users/da_petcu21/Programare/Porkholt/Examples/Template/CMakeFiles/CMakeTmp/CMakeScripts/XCODE_DEPEND_HELPER.make PostBuild.cmTryCompileExec.Debug
make[1]: Nothing to be done for `PostBuild.cmTryCompileExec.Debug'.


** BUILD SUCCEEDED **



Determining if the CXX compiler works passed with the following output:
Change Dir: /Users/da_petcu21/Programare/Porkholt/Examples/Template/CMakeFiles/CMakeTmp

Run Build Command:/opt/local/bin/cmakexbuild -project CMAKE_TRY_COMPILE.xcodeproj build -target cmTryCompileExec -configuration Debug
=== BUILD NATIVE TARGET cmTryCompileExec OF PROJECT CMAKE_TRY_COMPILE WITH CONFIGURATION Debug ===
Check dependencies

CompileC CMAKE_TRY_COMPILE.build/Debug/cmTryCompileExec.build/Objects-normal/x86_64/testCXXCompiler.o testCXXCompiler.cxx normal x86_64 c++ com.apple.compilers.llvm.clang.1_0.compiler
    cd /Users/da_petcu21/Programare/Porkholt/Examples/Template/CMakeFiles/CMakeTmp
    /Developer/usr/bin/clang -x c++ -arch x86_64 -fmessage-length=0 -fdiagnostics-print-source-range-info -fdiagnostics-show-category=id -fdiagnostics-parseable-fixits -Wno-trigraphs -fpascal-strings -O0 -Wno-return-type -Wparentheses -Wswitch -Wno-unused-parameter -Wno-unused-variable -Wunused-value -Wno-shorten-64-to-32 -Wc++0x-extensions "-DCMAKE_INTDIR=\"Debug\"" -isysroot /Developer/SDKs/MacOSX10.7.sdk -fasm-blocks -mmacosx-version-min=10.7 -Wno-sign-conversion -I/Users/da_petcu21/Programare/Porkholt/Examples/Template/CMakeFiles/CMakeTmp/Debug/include -I/Users/da_petcu21/Programare/Porkholt/Examples/Template/CMakeFiles/CMakeTmp/CMAKE_TRY_COMPILE.build/Debug/cmTryCompileExec.build/DerivedSources/x86_64 -I/Users/da_petcu21/Programare/Porkholt/Examples/Template/CMakeFiles/CMakeTmp/CMAKE_TRY_COMPILE.build/Debug/cmTryCompileExec.build/DerivedSources -Wmost -Wno-four-char-constants -Wno-unknown-pragmas -F/Users/da_petcu21/Programare/Porkholt/Examples/Template/CMakeFiles/CMakeTmp/Debug -g -MMD -MT dependencies -MF /Users/da_petcu21/Programare/Porkholt/Examples/Template/CMakeFiles/CMakeTmp/CMAKE_TRY_COMPILE.build/Debug/cmTryCompileExec.build/Objects-normal/x86_64/testCXXCompiler.d -c /Users/da_petcu21/Programare/Porkholt/Examples/Template/CMakeFiles/CMakeTmp/testCXXCompiler.cxx -o /Users/da_petcu21/Programare/Porkholt/Examples/Template/CMakeFiles/CMakeTmp/CMAKE_TRY_COMPILE.build/Debug/cmTryCompileExec.build/Objects-normal/x86_64/testCXXCompiler.o

Ld Debug/cmTryCompileExec normal x86_64
    cd /Users/da_petcu21/Programare/Porkholt/Examples/Template/CMakeFiles/CMakeTmp
    /Developer/usr/bin/clang++ -arch x86_64 -isysroot /Developer/SDKs/MacOSX10.7.sdk -L/Users/da_petcu21/Programare/Porkholt/Examples/Template/CMakeFiles/CMakeTmp/Debug -F/Users/da_petcu21/Programare/Porkholt/Examples/Template/CMakeFiles/CMakeTmp/Debug -filelist /Users/da_petcu21/Programare/Porkholt/Examples/Template/CMakeFiles/CMakeTmp/CMAKE_TRY_COMPILE.build/Debug/cmTryCompileExec.build/Objects-normal/x86_64/cmTryCompileExec.LinkFileList -mmacosx-version-min=10.7 -Wl,-search_paths_first -Wl,-headerpad_max_install_names -o /Users/da_petcu21/Programare/Porkholt/Examples/Template/CMakeFiles/CMakeTmp/Debug/cmTryCompileExec

PhaseScriptExecution "CMake PostBuild Rules" CMAKE_TRY_COMPILE.build/Debug/cmTryCompileExec.build/Script-F44A69FA312247EFAD98298E.sh
    cd /Users/da_petcu21/Programare/Porkholt/Examples/Template/CMakeFiles/CMakeTmp
    /bin/sh -c /Users/da_petcu21/Programare/Porkholt/Examples/Template/CMakeFiles/CMakeTmp/CMAKE_TRY_COMPILE.build/Debug/cmTryCompileExec.build/Script-F44A69FA312247EFAD98298E.sh
echo "Depend check for xcode"
Depend check for xcode
cd /Users/da_petcu21/Programare/Porkholt/Examples/Template/CMakeFiles/CMakeTmp && make -C /Users/da_petcu21/Programare/Porkholt/Examples/Template/CMakeFiles/CMakeTmp -f /Users/da_petcu21/Programare/Porkholt/Examples/Template/CMakeFiles/CMakeTmp/CMakeScripts/XCODE_DEPEND_HELPER.make PostBuild.cmTryCompileExec.Debug
make[1]: Nothing to be done for `PostBuild.cmTryCompileExec.Debug'.


** BUILD SUCCEEDED **



Detecting CXX compiler ABI info compiled with the following output:
Change Dir: /Users/da_petcu21/Programare/Porkholt/Examples/Template/CMakeFiles/CMakeTmp

Run Build Command:/opt/local/bin/cmakexbuild -project CMAKE_TRY_COMPILE.xcodeproj build -target cmTryCompileExec -configuration Debug
=== BUILD NATIVE TARGET cmTryCompileExec OF PROJECT CMAKE_TRY_COMPILE WITH CONFIGURATION Debug ===
Check dependencies

CompileC CMAKE_TRY_COMPILE.build/Debug/cmTryCompileExec.build/Objects-normal/x86_64/CMakeCXXCompilerABI.o ../../../../../../../../opt/local/share/cmake-2.8/Modules/CMakeCXXCompilerABI.cpp normal x86_64 c++ com.apple.compilers.llvm.clang.1_0.compiler
    cd /Users/da_petcu21/Programare/Porkholt/Examples/Template/CMakeFiles/CMakeTmp
    /Developer/usr/bin/clang -x c++ -arch x86_64 -fmessage-length=0 -fdiagnostics-print-source-range-info -fdiagnostics-show-category=id -fdiagnostics-parseable-fixits -Wno-trigraphs -fpascal-strings -O0 -Wno-return-type -Wparentheses -Wswitch -Wno-unused-parameter -Wno-unused-variable -Wunused-value -Wno-shorten-64-to-32 -Wc++0x-extensions "-DCMAKE_INTDIR=\"Debug\"" -isysroot /Developer/SDKs/MacOSX10.7.sdk -fasm-blocks -mmacosx-version-min=10.7 -Wno-sign-conversion -I/Users/da_petcu21/Programare/Porkholt/Examples/Template/CMakeFiles/CMakeTmp/Debug/include -I/Users/da_petcu21/Programare/Porkholt/Examples/Template/CMakeFiles/CMakeTmp/CMAKE_TRY_COMPILE.build/Debug/cmTryCompileExec.build/DerivedSources/x86_64 -I/Users/da_petcu21/Programare/Porkholt/Examples/Template/CMakeFiles/CMakeTmp/CMAKE_TRY_COMPILE.build/Debug/cmTryCompileExec.build/DerivedSources -Wmost -Wno-four-char-constants -Wno-unknown-pragmas -F/Users/da_petcu21/Programare/Porkholt/Examples/Template/CMakeFiles/CMakeTmp/Debug -g -MMD -MT dependencies -MF /Users/da_petcu21/Programare/Porkholt/Examples/Template/CMakeFiles/CMakeTmp/CMAKE_TRY_COMPILE.build/Debug/cmTryCompileExec.build/Objects-normal/x86_64/CMakeCXXCompilerABI.d -c /Users/da_petcu21/Programare/Porkholt/Examples/Template/CMakeFiles/CMakeTmp/../../../../../../../../opt/local/share/cmake-2.8/Modules/CMakeCXXCompilerABI.cpp -o /Users/da_petcu21/Programare/Porkholt/Examples/Template/CMakeFiles/CMakeTmp/CMAKE_TRY_COMPILE.build/Debug/cmTryCompileExec.build/Objects-normal/x86_64/CMakeCXXCompilerABI.o

Ld Debug/cmTryCompileExec normal x86_64
    cd /Users/da_petcu21/Programare/Porkholt/Examples/Template/CMakeFiles/CMakeTmp
    /Developer/usr/bin/clang++ -arch x86_64 -isysroot /Developer/SDKs/MacOSX10.7.sdk -L/Users/da_petcu21/Programare/Porkholt/Examples/Template/CMakeFiles/CMakeTmp/Debug -F/Users/da_petcu21/Programare/Porkholt/Examples/Template/CMakeFiles/CMakeTmp/Debug -filelist /Users/da_petcu21/Programare/Porkholt/Examples/Template/CMakeFiles/CMakeTmp/CMAKE_TRY_COMPILE.build/Debug/cmTryCompileExec.build/Objects-normal/x86_64/cmTryCompileExec.LinkFileList -mmacosx-version-min=10.7 -v -Wl,-search_paths_first -Wl,-headerpad_max_install_names -o /Users/da_petcu21/Programare/Porkholt/Examples/Template/CMakeFiles/CMakeTmp/Debug/cmTryCompileExec

PhaseScriptExecution "CMake PostBuild Rules" CMAKE_TRY_COMPILE.build/Debug/cmTryCompileExec.build/Script-FE8B15E6B47E4BD9A64310DF.sh
    cd /Users/da_petcu21/Programare/Porkholt/Examples/Template/CMakeFiles/CMakeTmp
    /bin/sh -c /Users/da_petcu21/Programare/Porkholt/Examples/Template/CMakeFiles/CMakeTmp/CMAKE_TRY_COMPILE.build/Debug/cmTryCompileExec.build/Script-FE8B15E6B47E4BD9A64310DF.sh
echo "Depend check for xcode"
Depend check for xcode
cd /Users/da_petcu21/Programare/Porkholt/Examples/Template/CMakeFiles/CMakeTmp && make -C /Users/da_petcu21/Programare/Porkholt/Examples/Template/CMakeFiles/CMakeTmp -f /Users/da_petcu21/Programare/Porkholt/Examples/Template/CMakeFiles/CMakeTmp/CMakeScripts/XCODE_DEPEND_HELPER.make PostBuild.cmTryCompileExec.Debug
make[1]: Nothing to be done for `PostBuild.cmTryCompileExec.Debug'.


** BUILD SUCCEEDED **



The system is: Darwin - 11.3.0 - i386
Compiling the C compiler identification source file "CMakeCCompilerId.c" succeeded.
Compiler: /usr/bin/gcc 
Build flags: 
Id flags: 

The output was:
0


Compilation of the C compiler identification source "CMakeCCompilerId.c" produced "a.out"

The C compiler identification is GNU, found in "/Users/da_petcu21/Programare/Porkholt/Examples/Template/CMakeFiles/CompilerIdC/a.out"

Compiling the CXX compiler identification source file "CMakeCXXCompilerId.cpp" succeeded.
Compiler: /usr/bin/g++ 
Build flags: 
Id flags: 

The output was:
0


Compilation of the CXX compiler identification source "CMakeCXXCompilerId.cpp" produced "a.out"

The CXX compiler identification is GNU, found in "/Users/da_petcu21/Programare/Porkholt/Examples/Template/CMakeFiles/CompilerIdCXX/a.out"

Determining if the C compiler works passed with the following output:
Change Dir: /Users/da_petcu21/Programare/Porkholt/Examples/Template/CMakeFiles/CMakeTmp

Run Build Command:/opt/local/bin/cmakexbuild -project CMAKE_TRY_COMPILE.xcodeproj build -target cmTryCompileExec -configuration Debug
=== BUILD NATIVE TARGET cmTryCompileExec OF PROJECT CMAKE_TRY_COMPILE WITH CONFIGURATION Debug ===
Check dependencies

CompileC CMAKE_TRY_COMPILE.build/Debug/cmTryCompileExec.build/Objects-normal/x86_64/testCCompiler.o testCCompiler.c normal x86_64 c com.apple.compilers.llvm.clang.1_0.compiler
    cd /Users/da_petcu21/Programare/Porkholt/Examples/Template/CMakeFiles/CMakeTmp
    /Developer/usr/bin/clang -x c -arch x86_64 -fmessage-length=0 -fdiagnostics-print-source-range-info -fdiagnostics-show-category=id -fdiagnostics-parseable-fixits -Wno-trigraphs -fpascal-strings -O0 -Wno-return-type -Wparentheses -Wswitch -Wno-unused-parameter -Wno-unused-variable -Wunused-value -Wno-shorten-64-to-32 "-DCMAKE_INTDIR=\"Debug\"" -isysroot /Developer/SDKs/MacOSX10.7.sdk -fasm-blocks -mmacosx-version-min=10.7 -gdwarf-2 -Wno-sign-conversion -I/Users/da_petcu21/Programare/Porkholt/Examples/Template/CMakeFiles/CMakeTmp/Debug/include -I/Users/da_petcu21/Programare/Porkholt/Examples/Template/CMakeFiles/CMakeTmp/CMAKE_TRY_COMPILE.build/Debug/cmTryCompileExec.build/DerivedSources/x86_64 -I/Users/da_petcu21/Programare/Porkholt/Examples/Template/CMakeFiles/CMakeTmp/CMAKE_TRY_COMPILE.build/Debug/cmTryCompileExec.build/DerivedSources -Wmost -Wno-four-char-constants -Wno-unknown-pragmas -F/Users/da_petcu21/Programare/Porkholt/Examples/Template/CMakeFiles/CMakeTmp/Debug -MMD -MT dependencies -MF /Users/da_petcu21/Programare/Porkholt/Examples/Template/CMakeFiles/CMakeTmp/CMAKE_TRY_COMPILE.build/Debug/cmTryCompileExec.build/Objects-normal/x86_64/testCCompiler.d -c /Users/da_petcu21/Programare/Porkholt/Examples/Template/CMakeFiles/CMakeTmp/testCCompiler.c -o /Users/da_petcu21/Programare/Porkholt/Examples/Template/CMakeFiles/CMakeTmp/CMAKE_TRY_COMPILE.build/Debug/cmTryCompileExec.build/Objects-normal/x86_64/testCCompiler.o

Ld Debug/cmTryCompileExec normal x86_64
    cd /Users/da_petcu21/Programare/Porkholt/Examples/Template/CMakeFiles/CMakeTmp
    /Developer/usr/bin/clang -arch x86_64 -isysroot /Developer/SDKs/MacOSX10.7.sdk -L/Users/da_petcu21/Programare/Porkholt/Examples/Template/CMakeFiles/CMakeTmp/Debug -F/Users/da_petcu21/Programare/Porkholt/Examples/Template/CMakeFiles/CMakeTmp/Debug -filelist /Users/da_petcu21/Programare/Porkholt/Examples/Template/CMakeFiles/CMakeTmp/CMAKE_TRY_COMPILE.build/Debug/cmTryCompileExec.build/Objects-normal/x86_64/cmTryCompileExec.LinkFileList -mmacosx-version-min=10.7 -Wl,-search_paths_first -Wl,-headerpad_max_install_names -o /Users/da_petcu21/Programare/Porkholt/Examples/Template/CMakeFiles/CMakeTmp/Debug/cmTryCompileExec

PhaseScriptExecution "CMake PostBuild Rules" CMAKE_TRY_COMPILE.build/Debug/cmTryCompileExec.build/Script-775DBA231AF0470BB7D4CA89.sh
    cd /Users/da_petcu21/Programare/Porkholt/Examples/Template/CMakeFiles/CMakeTmp
    /bin/sh -c /Users/da_petcu21/Programare/Porkholt/Examples/Template/CMakeFiles/CMakeTmp/CMAKE_TRY_COMPILE.build/Debug/cmTryCompileExec.build/Script-775DBA231AF0470BB7D4CA89.sh
echo "Depend check for xcode"
Depend check for xcode
cd /Users/da_petcu21/Programare/Porkholt/Examples/Template/CMakeFiles/CMakeTmp && make -C /Users/da_petcu21/Programare/Porkholt/Examples/Template/CMakeFiles/CMakeTmp -f /Users/da_petcu21/Programare/Porkholt/Examples/Template/CMakeFiles/CMakeTmp/CMakeScripts/XCODE_DEPEND_HELPER.make PostBuild.cmTryCompileExec.Debug
make[1]: Nothing to be done for `PostBuild.cmTryCompileExec.Debug'.


** BUILD SUCCEEDED **



Detecting C compiler ABI info compiled with the following output:
Change Dir: /Users/da_petcu21/Programare/Porkholt/Examples/Template/CMakeFiles/CMakeTmp

Run Build Command:/opt/local/bin/cmakexbuild -project CMAKE_TRY_COMPILE.xcodeproj build -target cmTryCompileExec -configuration Debug
=== BUILD NATIVE TARGET cmTryCompileExec OF PROJECT CMAKE_TRY_COMPILE WITH CONFIGURATION Debug ===
Check dependencies

CompileC CMAKE_TRY_COMPILE.build/Debug/cmTryCompileExec.build/Objects-normal/x86_64/CMakeCCompilerABI.o ../../../../../../../../opt/local/share/cmake-2.8/Modules/CMakeCCompilerABI.c normal x86_64 c com.apple.compilers.llvm.clang.1_0.compiler
    cd /Users/da_petcu21/Programare/Porkholt/Examples/Template/CMakeFiles/CMakeTmp
    /Developer/usr/bin/clang -x c -arch x86_64 -fmessage-length=0 -fdiagnostics-print-source-range-info -fdiagnostics-show-category=id -fdiagnostics-parseable-fixits -Wno-trigraphs -fpascal-strings -O0 -Wno-return-type -Wparentheses -Wswitch -Wno-unused-parameter -Wno-unused-variable -Wunused-value -Wno-shorten-64-to-32 "-DCMAKE_INTDIR=\"Debug\"" -isysroot /Developer/SDKs/MacOSX10.7.sdk -fasm-blocks -mmacosx-version-min=10.7 -gdwarf-2 -Wno-sign-conversion -I/Users/da_petcu21/Programare/Porkholt/Examples/Template/CMakeFiles/CMakeTmp/Debug/include -I/Users/da_petcu21/Programare/Porkholt/Examples/Template/CMakeFiles/CMakeTmp/CMAKE_TRY_COMPILE.build/Debug/cmTryCompileExec.build/DerivedSources/x86_64 -I/Users/da_petcu21/Programare/Porkholt/Examples/Template/CMakeFiles/CMakeTmp/CMAKE_TRY_COMPILE.build/Debug/cmTryCompileExec.build/DerivedSources -Wmost -Wno-four-char-constants -Wno-unknown-pragmas -F/Users/da_petcu21/Programare/Porkholt/Examples/Template/CMakeFiles/CMakeTmp/Debug -MMD -MT dependencies -MF /Users/da_petcu21/Programare/Porkholt/Examples/Template/CMakeFiles/CMakeTmp/CMAKE_TRY_COMPILE.build/Debug/cmTryCompileExec.build/Objects-normal/x86_64/CMakeCCompilerABI.d -c /Users/da_petcu21/Programare/Porkholt/Examples/Template/CMakeFiles/CMakeTmp/../../../../../../../../opt/local/share/cmake-2.8/Modules/CMakeCCompilerABI.c -o /Users/da_petcu21/Programare/Porkholt/Examples/Template/CMakeFiles/CMakeTmp/CMAKE_TRY_COMPILE.build/Debug/cmTryCompileExec.build/Objects-normal/x86_64/CMakeCCompilerABI.o

Ld Debug/cmTryCompileExec normal x86_64
    cd /Users/da_petcu21/Programare/Porkholt/Examples/Template/CMakeFiles/CMakeTmp
    /Developer/usr/bin/clang -arch x86_64 -isysroot /Developer/SDKs/MacOSX10.7.sdk -L/Users/da_petcu21/Programare/Porkholt/Examples/Template/CMakeFiles/CMakeTmp/Debug -F/Users/da_petcu21/Programare/Porkholt/Examples/Template/CMakeFiles/CMakeTmp/Debug -filelist /Users/da_petcu21/Programare/Porkholt/Examples/Template/CMakeFiles/CMakeTmp/CMAKE_TRY_COMPILE.build/Debug/cmTryCompileExec.build/Objects-normal/x86_64/cmTryCompileExec.LinkFileList -mmacosx-version-min=10.7 -v -Wl,-search_paths_first -Wl,-headerpad_max_install_names -o /Users/da_petcu21/Programare/Porkholt/Examples/Template/CMakeFiles/CMakeTmp/Debug/cmTryCompileExec

PhaseScriptExecution "CMake PostBuild Rules" CMAKE_TRY_COMPILE.build/Debug/cmTryCompileExec.build/Script-FC0D6E6F3B69495F9390702D.sh
    cd /Users/da_petcu21/Programare/Porkholt/Examples/Template/CMakeFiles/CMakeTmp
    /bin/sh -c /Users/da_petcu21/Programare/Porkholt/Examples/Template/CMakeFiles/CMakeTmp/CMAKE_TRY_COMPILE.build/Debug/cmTryCompileExec.build/Script-FC0D6E6F3B69495F9390702D.sh
echo "Depend check for xcode"
Depend check for xcode
cd /Users/da_petcu21/Programare/Porkholt/Examples/Template/CMakeFiles/CMakeTmp && make -C /Users/da_petcu21/Programare/Porkholt/Examples/Template/CMakeFiles/CMakeTmp -f /Users/da_petcu21/Programare/Porkholt/Examples/Template/CMakeFiles/CMakeTmp/CMakeScripts/XCODE_DEPEND_HELPER.make PostBuild.cmTryCompileExec.Debug
make[1]: Nothing to be done for `PostBuild.cmTryCompileExec.Debug'.


** BUILD SUCCEEDED **



Determining if the CXX compiler works passed with the following output:
Change Dir: /Users/da_petcu21/Programare/Porkholt/Examples/Template/CMakeFiles/CMakeTmp

Run Build Command:/opt/local/bin/cmakexbuild -project CMAKE_TRY_COMPILE.xcodeproj build -target cmTryCompileExec -configuration Debug
=== BUILD NATIVE TARGET cmTryCompileExec OF PROJECT CMAKE_TRY_COMPILE WITH CONFIGURATION Debug ===
Check dependencies

CompileC CMAKE_TRY_COMPILE.build/Debug/cmTryCompileExec.build/Objects-normal/x86_64/testCXXCompiler.o testCXXCompiler.cxx normal x86_64 c++ com.apple.compilers.llvm.clang.1_0.compiler
    cd /Users/da_petcu21/Programare/Porkholt/Examples/Template/CMakeFiles/CMakeTmp
    /Developer/usr/bin/clang -x c++ -arch x86_64 -fmessage-length=0 -fdiagnostics-print-source-range-info -fdiagnostics-show-category=id -fdiagnostics-parseable-fixits -Wno-trigraphs -fpascal-strings -O0 -Wno-return-type -Wparentheses -Wswitch -Wno-unused-parameter -Wno-unused-variable -Wunused-value -Wno-shorten-64-to-32 -Wc++0x-extensions "-DCMAKE_INTDIR=\"Debug\"" -isysroot /Developer/SDKs/MacOSX10.7.sdk -fasm-blocks -mmacosx-version-min=10.7 -Wno-sign-conversion -I/Users/da_petcu21/Programare/Porkholt/Examples/Template/CMakeFiles/CMakeTmp/Debug/include -I/Users/da_petcu21/Programare/Porkholt/Examples/Template/CMakeFiles/CMakeTmp/CMAKE_TRY_COMPILE.build/Debug/cmTryCompileExec.build/DerivedSources/x86_64 -I/Users/da_petcu21/Programare/Porkholt/Examples/Template/CMakeFiles/CMakeTmp/CMAKE_TRY_COMPILE.build/Debug/cmTryCompileExec.build/DerivedSources -Wmost -Wno-four-char-constants -Wno-unknown-pragmas -F/Users/da_petcu21/Programare/Porkholt/Examples/Template/CMakeFiles/CMakeTmp/Debug -g -MMD -MT dependencies -MF /Users/da_petcu21/Programare/Porkholt/Examples/Template/CMakeFiles/CMakeTmp/CMAKE_TRY_COMPILE.build/Debug/cmTryCompileExec.build/Objects-normal/x86_64/testCXXCompiler.d -c /Users/da_petcu21/Programare/Porkholt/Examples/Template/CMakeFiles/CMakeTmp/testCXXCompiler.cxx -o /Users/da_petcu21/Programare/Porkholt/Examples/Template/CMakeFiles/CMakeTmp/CMAKE_TRY_COMPILE.build/Debug/cmTryCompileExec.build/Objects-normal/x86_64/testCXXCompiler.o

Ld Debug/cmTryCompileExec normal x86_64
    cd /Users/da_petcu21/Programare/Porkholt/Examples/Template/CMakeFiles/CMakeTmp
    /Developer/usr/bin/clang++ -arch x86_64 -isysroot /Developer/SDKs/MacOSX10.7.sdk -L/Users/da_petcu21/Programare/Porkholt/Examples/Template/CMakeFiles/CMakeTmp/Debug -F/Users/da_petcu21/Programare/Porkholt/Examples/Template/CMakeFiles/CMakeTmp/Debug -filelist /Users/da_petcu21/Programare/Porkholt/Examples/Template/CMakeFiles/CMakeTmp/CMAKE_TRY_COMPILE.build/Debug/cmTryCompileExec.build/Objects-normal/x86_64/cmTryCompileExec.LinkFileList -mmacosx-version-min=10.7 -Wl,-search_paths_first -Wl,-headerpad_max_install_names -o /Users/da_petcu21/Programare/Porkholt/Examples/Template/CMakeFiles/CMakeTmp/Debug/cmTryCompileExec

PhaseScriptExecution "CMake PostBuild Rules" CMAKE_TRY_COMPILE.build/Debug/cmTryCompileExec.build/Script-4A49F40AED1041DF9E15A90C.sh
    cd /Users/da_petcu21/Programare/Porkholt/Examples/Template/CMakeFiles/CMakeTmp
    /bin/sh -c /Users/da_petcu21/Programare/Porkholt/Examples/Template/CMakeFiles/CMakeTmp/CMAKE_TRY_COMPILE.build/Debug/cmTryCompileExec.build/Script-4A49F40AED1041DF9E15A90C.sh
echo "Depend check for xcode"
Depend check for xcode
cd /Users/da_petcu21/Programare/Porkholt/Examples/Template/CMakeFiles/CMakeTmp && make -C /Users/da_petcu21/Programare/Porkholt/Examples/Template/CMakeFiles/CMakeTmp -f /Users/da_petcu21/Programare/Porkholt/Examples/Template/CMakeFiles/CMakeTmp/CMakeScripts/XCODE_DEPEND_HELPER.make PostBuild.cmTryCompileExec.Debug
make[1]: Nothing to be done for `PostBuild.cmTryCompileExec.Debug'.


** BUILD SUCCEEDED **



Detecting CXX compiler ABI info compiled with the following output:
Change Dir: /Users/da_petcu21/Programare/Porkholt/Examples/Template/CMakeFiles/CMakeTmp

Run Build Command:/opt/local/bin/cmakexbuild -project CMAKE_TRY_COMPILE.xcodeproj build -target cmTryCompileExec -configuration Debug
=== BUILD NATIVE TARGET cmTryCompileExec OF PROJECT CMAKE_TRY_COMPILE WITH CONFIGURATION Debug ===
Check dependencies

CompileC CMAKE_TRY_COMPILE.build/Debug/cmTryCompileExec.build/Objects-normal/x86_64/CMakeCXXCompilerABI.o ../../../../../../../../opt/local/share/cmake-2.8/Modules/CMakeCXXCompilerABI.cpp normal x86_64 c++ com.apple.compilers.llvm.clang.1_0.compiler
    cd /Users/da_petcu21/Programare/Porkholt/Examples/Template/CMakeFiles/CMakeTmp
    /Developer/usr/bin/clang -x c++ -arch x86_64 -fmessage-length=0 -fdiagnostics-print-source-range-info -fdiagnostics-show-category=id -fdiagnostics-parseable-fixits -Wno-trigraphs -fpascal-strings -O0 -Wno-return-type -Wparentheses -Wswitch -Wno-unused-parameter -Wno-unused-variable -Wunused-value -Wno-shorten-64-to-32 -Wc++0x-extensions "-DCMAKE_INTDIR=\"Debug\"" -isysroot /Developer/SDKs/MacOSX10.7.sdk -fasm-blocks -mmacosx-version-min=10.7 -Wno-sign-conversion -I/Users/da_petcu21/Programare/Porkholt/Examples/Template/CMakeFiles/CMakeTmp/Debug/include -I/Users/da_petcu21/Programare/Porkholt/Examples/Template/CMakeFiles/CMakeTmp/CMAKE_TRY_COMPILE.build/Debug/cmTryCompileExec.build/DerivedSources/x86_64 -I/Users/da_petcu21/Programare/Porkholt/Examples/Template/CMakeFiles/CMakeTmp/CMAKE_TRY_COMPILE.build/Debug/cmTryCompileExec.build/DerivedSources -Wmost -Wno-four-char-constants -Wno-unknown-pragmas -F/Users/da_petcu21/Programare/Porkholt/Examples/Template/CMakeFiles/CMakeTmp/Debug -g -MMD -MT dependencies -MF /Users/da_petcu21/Programare/Porkholt/Examples/Template/CMakeFiles/CMakeTmp/CMAKE_TRY_COMPILE.build/Debug/cmTryCompileExec.build/Objects-normal/x86_64/CMakeCXXCompilerABI.d -c /Users/da_petcu21/Programare/Porkholt/Examples/Template/CMakeFiles/CMakeTmp/../../../../../../../../opt/local/share/cmake-2.8/Modules/CMakeCXXCompilerABI.cpp -o /Users/da_petcu21/Programare/Porkholt/Examples/Template/CMakeFiles/CMakeTmp/CMAKE_TRY_COMPILE.build/Debug/cmTryCompileExec.build/Objects-normal/x86_64/CMakeCXXCompilerABI.o

Ld Debug/cmTryCompileExec normal x86_64
    cd /Users/da_petcu21/Programare/Porkholt/Examples/Template/CMakeFiles/CMakeTmp
    /Developer/usr/bin/clang++ -arch x86_64 -isysroot /Developer/SDKs/MacOSX10.7.sdk -L/Users/da_petcu21/Programare/Porkholt/Examples/Template/CMakeFiles/CMakeTmp/Debug -F/Users/da_petcu21/Programare/Porkholt/Examples/Template/CMakeFiles/CMakeTmp/Debug -filelist /Users/da_petcu21/Programare/Porkholt/Examples/Template/CMakeFiles/CMakeTmp/CMAKE_TRY_COMPILE.build/Debug/cmTryCompileExec.build/Objects-normal/x86_64/cmTryCompileExec.LinkFileList -mmacosx-version-min=10.7 -v -Wl,-search_paths_first -Wl,-headerpad_max_install_names -o /Users/da_petcu21/Programare/Porkholt/Examples/Template/CMakeFiles/CMakeTmp/Debug/cmTryCompileExec

PhaseScriptExecution "CMake PostBuild Rules" CMAKE_TRY_COMPILE.build/Debug/cmTryCompileExec.build/Script-4432F4B840FC4960A89525B6.sh
    cd /Users/da_petcu21/Programare/Porkholt/Examples/Template/CMakeFiles/CMakeTmp
    /bin/sh -c /Users/da_petcu21/Programare/Porkholt/Examples/Template/CMakeFiles/CMakeTmp/CMAKE_TRY_COMPILE.build/Debug/cmTryCompileExec.build/Script-4432F4B840FC4960A89525B6.sh
echo "Depend check for xcode"
Depend check for xcode
cd /Users/da_petcu21/Programare/Porkholt/Examples/Template/CMakeFiles/CMakeTmp && make -C /Users/da_petcu21/Programare/Porkholt/Examples/Template/CMakeFiles/CMakeTmp -f /Users/da_petcu21/Programare/Porkholt/Examples/Template/CMakeFiles/CMakeTmp/CMakeScripts/XCODE_DEPEND_HELPER.make PostBuild.cmTryCompileExec.Debug
make[1]: Nothing to be done for `PostBuild.cmTryCompileExec.Debug'.


** BUILD SUCCEEDED **



The system is: Darwin - 11.3.0 - i386
Compiling the C compiler identification source file "CMakeCCompilerId.c" succeeded.
Compiler: /usr/bin/gcc 
Build flags: 
Id flags: 

The output was:
0


Compilation of the C compiler identification source "CMakeCCompilerId.c" produced "a.out"

The C compiler identification is GNU, found in "/Users/da_petcu21/Programare/Porkholt/Examples/Template/CMakeFiles/CompilerIdC/a.out"

Compiling the CXX compiler identification source file "CMakeCXXCompilerId.cpp" succeeded.
Compiler: /usr/bin/g++ 
Build flags: 
Id flags: 

The output was:
0


Compilation of the CXX compiler identification source "CMakeCXXCompilerId.cpp" produced "a.out"

The CXX compiler identification is GNU, found in "/Users/da_petcu21/Programare/Porkholt/Examples/Template/CMakeFiles/CompilerIdCXX/a.out"

Determining if the C compiler works passed with the following output:
Change Dir: /Users/da_petcu21/Programare/Porkholt/Examples/Template/CMakeFiles/CMakeTmp

Run Build Command:/opt/local/bin/cmakexbuild -project CMAKE_TRY_COMPILE.xcodeproj build -target cmTryCompileExec -configuration Debug
=== BUILD NATIVE TARGET cmTryCompileExec OF PROJECT CMAKE_TRY_COMPILE WITH CONFIGURATION Debug ===
Check dependencies

CompileC CMAKE_TRY_COMPILE.build/Debug/cmTryCompileExec.build/Objects-normal/x86_64/testCCompiler.o testCCompiler.c normal x86_64 c com.apple.compilers.llvm.clang.1_0.compiler
    cd /Users/da_petcu21/Programare/Porkholt/Examples/Template/CMakeFiles/CMakeTmp
    /Developer/usr/bin/clang -x c -arch x86_64 -fmessage-length=0 -fdiagnostics-print-source-range-info -fdiagnostics-show-category=id -fdiagnostics-parseable-fixits -Wno-trigraphs -fpascal-strings -O0 -Wno-return-type -Wparentheses -Wswitch -Wno-unused-parameter -Wno-unused-variable -Wunused-value -Wno-shorten-64-to-32 "-DCMAKE_INTDIR=\"Debug\"" -isysroot /Developer/SDKs/MacOSX10.7.sdk -fasm-blocks -mmacosx-version-min=10.7 -gdwarf-2 -Wno-sign-conversion -I/Users/da_petcu21/Programare/Porkholt/Examples/Template/CMakeFiles/CMakeTmp/Debug/include -I/Users/da_petcu21/Programare/Porkholt/Examples/Template/CMakeFiles/CMakeTmp/CMAKE_TRY_COMPILE.build/Debug/cmTryCompileExec.build/DerivedSources/x86_64 -I/Users/da_petcu21/Programare/Porkholt/Examples/Template/CMakeFiles/CMakeTmp/CMAKE_TRY_COMPILE.build/Debug/cmTryCompileExec.build/DerivedSources -Wmost -Wno-four-char-constants -Wno-unknown-pragmas -F/Users/da_petcu21/Programare/Porkholt/Examples/Template/CMakeFiles/CMakeTmp/Debug -MMD -MT dependencies -MF /Users/da_petcu21/Programare/Porkholt/Examples/Template/CMakeFiles/CMakeTmp/CMAKE_TRY_COMPILE.build/Debug/cmTryCompileExec.build/Objects-normal/x86_64/testCCompiler.d -c /Users/da_petcu21/Programare/Porkholt/Examples/Template/CMakeFiles/CMakeTmp/testCCompiler.c -o /Users/da_petcu21/Programare/Porkholt/Examples/Template/CMakeFiles/CMakeTmp/CMAKE_TRY_COMPILE.build/Debug/cmTryCompileExec.build/Objects-normal/x86_64/testCCompiler.o

Ld Debug/cmTryCompileExec normal x86_64
    cd /Users/da_petcu21/Programare/Porkholt/Examples/Template/CMakeFiles/CMakeTmp
    /Developer/usr/bin/clang -arch x86_64 -isysroot /Developer/SDKs/MacOSX10.7.sdk -L/Users/da_petcu21/Programare/Porkholt/Examples/Template/CMakeFiles/CMakeTmp/Debug -F/Users/da_petcu21/Programare/Porkholt/Examples/Template/CMakeFiles/CMakeTmp/Debug -filelist /Users/da_petcu21/Programare/Porkholt/Examples/Template/CMakeFiles/CMakeTmp/CMAKE_TRY_COMPILE.build/Debug/cmTryCompileExec.build/Objects-normal/x86_64/cmTryCompileExec.LinkFileList -mmacosx-version-min=10.7 -Wl,-search_paths_first -Wl,-headerpad_max_install_names -o /Users/da_petcu21/Programare/Porkholt/Examples/Template/CMakeFiles/CMakeTmp/Debug/cmTryCompileExec

PhaseScriptExecution "CMake PostBuild Rules" CMAKE_TRY_COMPILE.build/Debug/cmTryCompileExec.build/Script-1B55007CFD9B417EAB39A29E.sh
    cd /Users/da_petcu21/Programare/Porkholt/Examples/Template/CMakeFiles/CMakeTmp
    /bin/sh -c /Users/da_petcu21/Programare/Porkholt/Examples/Template/CMakeFiles/CMakeTmp/CMAKE_TRY_COMPILE.build/Debug/cmTryCompileExec.build/Script-1B55007CFD9B417EAB39A29E.sh
echo "Depend check for xcode"
Depend check for xcode
cd /Users/da_petcu21/Programare/Porkholt/Examples/Template/CMakeFiles/CMakeTmp && make -C /Users/da_petcu21/Programare/Porkholt/Examples/Template/CMakeFiles/CMakeTmp -f /Users/da_petcu21/Programare/Porkholt/Examples/Template/CMakeFiles/CMakeTmp/CMakeScripts/XCODE_DEPEND_HELPER.make PostBuild.cmTryCompileExec.Debug
make[1]: Nothing to be done for `PostBuild.cmTryCompileExec.Debug'.


** BUILD SUCCEEDED **



Detecting C compiler ABI info compiled with the following output:
Change Dir: /Users/da_petcu21/Programare/Porkholt/Examples/Template/CMakeFiles/CMakeTmp

Run Build Command:/opt/local/bin/cmakexbuild -project CMAKE_TRY_COMPILE.xcodeproj build -target cmTryCompileExec -configuration Debug
=== BUILD NATIVE TARGET cmTryCompileExec OF PROJECT CMAKE_TRY_COMPILE WITH CONFIGURATION Debug ===
Check dependencies

CompileC CMAKE_TRY_COMPILE.build/Debug/cmTryCompileExec.build/Objects-normal/x86_64/CMakeCCompilerABI.o ../../../../../../../../opt/local/share/cmake-2.8/Modules/CMakeCCompilerABI.c normal x86_64 c com.apple.compilers.llvm.clang.1_0.compiler
    cd /Users/da_petcu21/Programare/Porkholt/Examples/Template/CMakeFiles/CMakeTmp
    /Developer/usr/bin/clang -x c -arch x86_64 -fmessage-length=0 -fdiagnostics-print-source-range-info -fdiagnostics-show-category=id -fdiagnostics-parseable-fixits -Wno-trigraphs -fpascal-strings -O0 -Wno-return-type -Wparentheses -Wswitch -Wno-unused-parameter -Wno-unused-variable -Wunused-value -Wno-shorten-64-to-32 "-DCMAKE_INTDIR=\"Debug\"" -isysroot /Developer/SDKs/MacOSX10.7.sdk -fasm-blocks -mmacosx-version-min=10.7 -gdwarf-2 -Wno-sign-conversion -I/Users/da_petcu21/Programare/Porkholt/Examples/Template/CMakeFiles/CMakeTmp/Debug/include -I/Users/da_petcu21/Programare/Porkholt/Examples/Template/CMakeFiles/CMakeTmp/CMAKE_TRY_COMPILE.build/Debug/cmTryCompileExec.build/DerivedSources/x86_64 -I/Users/da_petcu21/Programare/Porkholt/Examples/Template/CMakeFiles/CMakeTmp/CMAKE_TRY_COMPILE.build/Debug/cmTryCompileExec.build/DerivedSources -Wmost -Wno-four-char-constants -Wno-unknown-pragmas -F/Users/da_petcu21/Programare/Porkholt/Examples/Template/CMakeFiles/CMakeTmp/Debug -MMD -MT dependencies -MF /Users/da_petcu21/Programare/Porkholt/Examples/Template/CMakeFiles/CMakeTmp/CMAKE_TRY_COMPILE.build/Debug/cmTryCompileExec.build/Objects-normal/x86_64/CMakeCCompilerABI.d -c /Users/da_petcu21/Programare/Porkholt/Examples/Template/CMakeFiles/CMakeTmp/../../../../../../../../opt/local/share/cmake-2.8/Modules/CMakeCCompilerABI.c -o /Users/da_petcu21/Programare/Porkholt/Examples/Template/CMakeFiles/CMakeTmp/CMAKE_TRY_COMPILE.build/Debug/cmTryCompileExec.build/Objects-normal/x86_64/CMakeCCompilerABI.o

Ld Debug/cmTryCompileExec normal x86_64
    cd /Users/da_petcu21/Programare/Porkholt/Examples/Template/CMakeFiles/CMakeTmp
    /Developer/usr/bin/clang -arch x86_64 -isysroot /Developer/SDKs/MacOSX10.7.sdk -L/Users/da_petcu21/Programare/Porkholt/Examples/Template/CMakeFiles/CMakeTmp/Debug -F/Users/da_petcu21/Programare/Porkholt/Examples/Template/CMakeFiles/CMakeTmp/Debug -filelist /Users/da_petcu21/Programare/Porkholt/Examples/Template/CMakeFiles/CMakeTmp/CMAKE_TRY_COMPILE.build/Debug/cmTryCompileExec.build/Objects-normal/x86_64/cmTryCompileExec.LinkFileList -mmacosx-version-min=10.7 -v -Wl,-search_paths_first -Wl,-headerpad_max_install_names -o /Users/da_petcu21/Programare/Porkholt/Examples/Template/CMakeFiles/CMakeTmp/Debug/cmTryCompileExec

PhaseScriptExecution "CMake PostBuild Rules" CMAKE_TRY_COMPILE.build/Debug/cmTryCompileExec.build/Script-0D1BFAED3B5D4FCCBACDF488.sh
    cd /Users/da_petcu21/Programare/Porkholt/Examples/Template/CMakeFiles/CMakeTmp
    /bin/sh -c /Users/da_petcu21/Programare/Porkholt/Examples/Template/CMakeFiles/CMakeTmp/CMAKE_TRY_COMPILE.build/Debug/cmTryCompileExec.build/Script-0D1BFAED3B5D4FCCBACDF488.sh
echo "Depend check for xcode"
Depend check for xcode
cd /Users/da_petcu21/Programare/Porkholt/Examples/Template/CMakeFiles/CMakeTmp && make -C /Users/da_petcu21/Programare/Porkholt/Examples/Template/CMakeFiles/CMakeTmp -f /Users/da_petcu21/Programare/Porkholt/Examples/Template/CMakeFiles/CMakeTmp/CMakeScripts/XCODE_DEPEND_HELPER.make PostBuild.cmTryCompileExec.Debug
make[1]: Nothing to be done for `PostBuild.cmTryCompileExec.Debug'.


** BUILD SUCCEEDED **



Determining if the CXX compiler works passed with the following output:
Change Dir: /Users/da_petcu21/Programare/Porkholt/Examples/Template/CMakeFiles/CMakeTmp

Run Build Command:/opt/local/bin/cmakexbuild -project CMAKE_TRY_COMPILE.xcodeproj build -target cmTryCompileExec -configuration Debug
=== BUILD NATIVE TARGET cmTryCompileExec OF PROJECT CMAKE_TRY_COMPILE WITH CONFIGURATION Debug ===
Check dependencies

CompileC CMAKE_TRY_COMPILE.build/Debug/cmTryCompileExec.build/Objects-normal/x86_64/testCXXCompiler.o testCXXCompiler.cxx normal x86_64 c++ com.apple.compilers.llvm.clang.1_0.compiler
    cd /Users/da_petcu21/Programare/Porkholt/Examples/Template/CMakeFiles/CMakeTmp
    /Developer/usr/bin/clang -x c++ -arch x86_64 -fmessage-length=0 -fdiagnostics-print-source-range-info -fdiagnostics-show-category=id -fdiagnostics-parseable-fixits -Wno-trigraphs -fpascal-strings -O0 -Wno-return-type -Wparentheses -Wswitch -Wno-unused-parameter -Wno-unused-variable -Wunused-value -Wno-shorten-64-to-32 -Wc++0x-extensions "-DCMAKE_INTDIR=\"Debug\"" -isysroot /Developer/SDKs/MacOSX10.7.sdk -fasm-blocks -mmacosx-version-min=10.7 -Wno-sign-conversion -I/Users/da_petcu21/Programare/Porkholt/Examples/Template/CMakeFiles/CMakeTmp/Debug/include -I/Users/da_petcu21/Programare/Porkholt/Examples/Template/CMakeFiles/CMakeTmp/CMAKE_TRY_COMPILE.build/Debug/cmTryCompileExec.build/DerivedSources/x86_64 -I/Users/da_petcu21/Programare/Porkholt/Examples/Template/CMakeFiles/CMakeTmp/CMAKE_TRY_COMPILE.build/Debug/cmTryCompileExec.build/DerivedSources -Wmost -Wno-four-char-constants -Wno-unknown-pragmas -F/Users/da_petcu21/Programare/Porkholt/Examples/Template/CMakeFiles/CMakeTmp/Debug -g -MMD -MT dependencies -MF /Users/da_petcu21/Programare/Porkholt/Examples/Template/CMakeFiles/CMakeTmp/CMAKE_TRY_COMPILE.build/Debug/cmTryCompileExec.build/Objects-normal/x86_64/testCXXCompiler.d -c /Users/da_petcu21/Programare/Porkholt/Examples/Template/CMakeFiles/CMakeTmp/testCXXCompiler.cxx -o /Users/da_petcu21/Programare/Porkholt/Examples/Template/CMakeFiles/CMakeTmp/CMAKE_TRY_COMPILE.build/Debug/cmTryCompileExec.build/Objects-normal/x86_64/testCXXCompiler.o

Ld Debug/cmTryCompileExec normal x86_64
    cd /Users/da_petcu21/Programare/Porkholt/Examples/Template/CMakeFiles/CMakeTmp
    /Developer/usr/bin/clang++ -arch x86_64 -isysroot /Developer/SDKs/MacOSX10.7.sdk -L/Users/da_petcu21/Programare/Porkholt/Examples/Template/CMakeFiles/CMakeTmp/Debug -F/Users/da_petcu21/Programare/Porkholt/Examples/Template/CMakeFiles/CMakeTmp/Debug -filelist /Users/da_petcu21/Programare/Porkholt/Examples/Template/CMakeFiles/CMakeTmp/CMAKE_TRY_COMPILE.build/Debug/cmTryCompileExec.build/Objects-normal/x86_64/cmTryCompileExec.LinkFileList -mmacosx-version-min=10.7 -Wl,-search_paths_first -Wl,-headerpad_max_install_names -o /Users/da_petcu21/Programare/Porkholt/Examples/Template/CMakeFiles/CMakeTmp/Debug/cmTryCompileExec

PhaseScriptExecution "CMake PostBuild Rules" CMAKE_TRY_COMPILE.build/Debug/cmTryCompileExec.build/Script-0929D4BDB8F44883B2949871.sh
    cd /Users/da_petcu21/Programare/Porkholt/Examples/Template/CMakeFiles/CMakeTmp
    /bin/sh -c /Users/da_petcu21/Programare/Porkholt/Examples/Template/CMakeFiles/CMakeTmp/CMAKE_TRY_COMPILE.build/Debug/cmTryCompileExec.build/Script-0929D4BDB8F44883B2949871.sh
echo "Depend check for xcode"
Depend check for xcode
cd /Users/da_petcu21/Programare/Porkholt/Examples/Template/CMakeFiles/CMakeTmp && make -C /Users/da_petcu21/Programare/Porkholt/Examples/Template/CMakeFiles/CMakeTmp -f /Users/da_petcu21/Programare/Porkholt/Examples/Template/CMakeFiles/CMakeTmp/CMakeScripts/XCODE_DEPEND_HELPER.make PostBuild.cmTryCompileExec.Debug
make[1]: Nothing to be done for `PostBuild.cmTryCompileExec.Debug'.


** BUILD SUCCEEDED **



Detecting CXX compiler ABI info compiled with the following output:
Change Dir: /Users/da_petcu21/Programare/Porkholt/Examples/Template/CMakeFiles/CMakeTmp

Run Build Command:/opt/local/bin/cmakexbuild -project CMAKE_TRY_COMPILE.xcodeproj build -target cmTryCompileExec -configuration Debug
=== BUILD NATIVE TARGET cmTryCompileExec OF PROJECT CMAKE_TRY_COMPILE WITH CONFIGURATION Debug ===
Check dependencies

CompileC CMAKE_TRY_COMPILE.build/Debug/cmTryCompileExec.build/Objects-normal/x86_64/CMakeCXXCompilerABI.o ../../../../../../../../opt/local/share/cmake-2.8/Modules/CMakeCXXCompilerABI.cpp normal x86_64 c++ com.apple.compilers.llvm.clang.1_0.compiler
    cd /Users/da_petcu21/Programare/Porkholt/Examples/Template/CMakeFiles/CMakeTmp
    /Developer/usr/bin/clang -x c++ -arch x86_64 -fmessage-length=0 -fdiagnostics-print-source-range-info -fdiagnostics-show-category=id -fdiagnostics-parseable-fixits -Wno-trigraphs -fpascal-strings -O0 -Wno-return-type -Wparentheses -Wswitch -Wno-unused-parameter -Wno-unused-variable -Wunused-value -Wno-shorten-64-to-32 -Wc++0x-extensions "-DCMAKE_INTDIR=\"Debug\"" -isysroot /Developer/SDKs/MacOSX10.7.sdk -fasm-blocks -mmacosx-version-min=10.7 -Wno-sign-conversion -I/Users/da_petcu21/Programare/Porkholt/Examples/Template/CMakeFiles/CMakeTmp/Debug/include -I/Users/da_petcu21/Programare/Porkholt/Examples/Template/CMakeFiles/CMakeTmp/CMAKE_TRY_COMPILE.build/Debug/cmTryCompileExec.build/DerivedSources/x86_64 -I/Users/da_petcu21/Programare/Porkholt/Examples/Template/CMakeFiles/CMakeTmp/CMAKE_TRY_COMPILE.build/Debug/cmTryCompileExec.build/DerivedSources -Wmost -Wno-four-char-constants -Wno-unknown-pragmas -F/Users/da_petcu21/Programare/Porkholt/Examples/Template/CMakeFiles/CMakeTmp/Debug -g -MMD -MT dependencies -MF /Users/da_petcu21/Programare/Porkholt/Examples/Template/CMakeFiles/CMakeTmp/CMAKE_TRY_COMPILE.build/Debug/cmTryCompileExec.build/Objects-normal/x86_64/CMakeCXXCompilerABI.d -c /Users/da_petcu21/Programare/Porkholt/Examples/Template/CMakeFiles/CMakeTmp/../../../../../../../../opt/local/share/cmake-2.8/Modules/CMakeCXXCompilerABI.cpp -o /Users/da_petcu21/Programare/Porkholt/Examples/Template/CMakeFiles/CMakeTmp/CMAKE_TRY_COMPILE.build/Debug/cmTryCompileExec.build/Objects-normal/x86_64/CMakeCXXCompilerABI.o

Ld Debug/cmTryCompileExec normal x86_64
    cd /Users/da_petcu21/Programare/Porkholt/Examples/Template/CMakeFiles/CMakeTmp
    /Developer/usr/bin/clang++ -arch x86_64 -isysroot /Developer/SDKs/MacOSX10.7.sdk -L/Users/da_petcu21/Programare/Porkholt/Examples/Template/CMakeFiles/CMakeTmp/Debug -F/Users/da_petcu21/Programare/Porkholt/Examples/Template/CMakeFiles/CMakeTmp/Debug -filelist /Users/da_petcu21/Programare/Porkholt/Examples/Template/CMakeFiles/CMakeTmp/CMAKE_TRY_COMPILE.build/Debug/cmTryCompileExec.build/Objects-normal/x86_64/cmTryCompileExec.LinkFileList -mmacosx-version-min=10.7 -v -Wl,-search_paths_first -Wl,-headerpad_max_install_names -o /Users/da_petcu21/Programare/Porkholt/Examples/Template/CMakeFiles/CMakeTmp/Debug/cmTryCompileExec

PhaseScriptExecution "CMake PostBuild Rules" CMAKE_TRY_COMPILE.build/Debug/cmTryCompileExec.build/Script-2D454D1EB0184F368F9BA816.sh
    cd /Users/da_petcu21/Programare/Porkholt/Examples/Template/CMakeFiles/CMakeTmp
    /bin/sh -c /Users/da_petcu21/Programare/Porkholt/Examples/Template/CMakeFiles/CMakeTmp/CMAKE_TRY_COMPILE.build/Debug/cmTryCompileExec.build/Script-2D454D1EB0184F368F9BA816.sh
echo "Depend check for xcode"
Depend check for xcode
cd /Users/da_petcu21/Programare/Porkholt/Examples/Template/CMakeFiles/CMakeTmp && make -C /Users/da_petcu21/Programare/Porkholt/Examples/Template/CMakeFiles/CMakeTmp -f /Users/da_petcu21/Programare/Porkholt/Examples/Template/CMakeFiles/CMakeTmp/CMakeScripts/XCODE_DEPEND_HELPER.make PostBuild.cmTryCompileExec.Debug
make[1]: Nothing to be done for `PostBuild.cmTryCompileExec.Debug'.


** BUILD SUCCEEDED **



